#
# There is insufficient memory for the Java Runtime Environment to continue.
# Native memory allocation (malloc) failed to allocate 1366896 bytes for Chunk::new
# Possible reasons:
#   The system is out of physical RAM or swap space
#   The process is running with CompressedOops enabled, and the Java Heap may be blocking the growth of the native heap
# Possible solutions:
#   Reduce memory load on the system
#   Increase physical memory or swap space
#   Check if swap backing store is full
#   Decrease Java heap size (-Xmx/-Xms)
#   Decrease number of Java threads
#   Decrease Java thread stack sizes (-Xss)
#   Set larger code cache with -XX:ReservedCodeCacheSize=
#   JVM is running with Unscaled Compressed Oops mode in which the Java heap is
#     placed in the first 4GB address space. The Java Heap base address is the
#     maximum limit for the native heap growth. Please use -XX:HeapBaseMinAddress
#     to set the Java Heap base and to place the Java Heap above 4GB virtual address.
# This output file may be truncated or incomplete.
#
#  Out of Memory Error (allocation.cpp:389), pid=3756, tid=0x00000000000075e8
#
# JRE version: OpenJDK Runtime Environment (8.0_202-b03) (build 1.8.0_202-release-1483-b03)
# Java VM: OpenJDK 64-Bit Server VM (25.202-b03 mixed mode windows-amd64 compressed oops)
# Failed to write core dump. Minidumps are not enabled by default on client versions of Windows
#

---------------  T H R E A D  ---------------

Current thread (0x00000000185d9000):  JavaThread "C2 CompilerThread0" daemon [_thread_in_native, id=30184, stack(0x0000000018eb0000,0x0000000018fb0000)]

Stack: [0x0000000018eb0000,0x0000000018fb0000]
[error occurred during error reporting (printing stack bounds), id 0xc0000005]

Native frames: (J=compiled Java code, j=interpreted, Vv=VM code, C=native code)


Current CompileTask:
C2:   4879 1379       4       java.net.URLClassLoader$1::run (5 bytes)


---------------  P R O C E S S  ---------------

Java Threads: ( => current thread )
  0x0000000019b8d000 JavaThread "Cache worker for journal cache (C:\Users\rames\.gradle\caches\journal-1)" [_thread_blocked, id=21180, stack(0x000000001c200000,0x000000001c300000)]
  0x0000000019b8c000 JavaThread "File lock request listener" [_thread_in_native, id=25944, stack(0x000000001c100000,0x000000001c200000)]
  0x000000001a95d800 JavaThread "Cache worker for file hash cache (C:\Users\rames\.gradle\caches\5.4.1\fileHashes)" [_thread_blocked, id=11656, stack(0x000000001c000000,0x000000001c100000)]
  0x000000001a90e800 JavaThread "Thread-9" [_thread_blocked, id=23228, stack(0x000000001bf00000,0x000000001c000000)]
  0x00000000188b2000 JavaThread "Stdin handler" [_thread_blocked, id=12828, stack(0x000000001be00000,0x000000001bf00000)]
  0x00000000188aa000 JavaThread "Asynchronous log dispatcher for DefaultDaemonConnection: socket connection from /127.0.0.1:50548 to /127.0.0.1:50549" [_thread_blocked, id=15080, stack(0x000000001bc00000,0x000000001bd00000)]
  0x000000001a91d800 JavaThread "Daemon worker" [_thread_in_vm, id=21472, stack(0x000000001bb00000,0x000000001bc00000)]
  0x00000000188bb000 JavaThread "Cancel handler" [_thread_blocked, id=23676, stack(0x000000001ba00000,0x000000001bb00000)]
  0x000000001a01b800 JavaThread "Handler for socket connection from /127.0.0.1:50548 to /127.0.0.1:50549" [_thread_in_native, id=32484, stack(0x000000001b700000,0x000000001b800000)]
  0x000000001a016000 JavaThread "Daemon" [_thread_blocked, id=10244, stack(0x000000001b600000,0x000000001b700000)]
  0x0000000019581800 JavaThread "Daemon periodic checks" [_thread_blocked, id=2700, stack(0x000000001b500000,0x000000001b600000)]
  0x0000000019580000 JavaThread "Incoming local TCP Connector on port 50548" [_thread_in_native, id=23904, stack(0x000000001b2c0000,0x000000001b3c0000)]
  0x000000001a4d1800 JavaThread "Daemon health stats" [_thread_blocked, id=19712, stack(0x000000001ac80000,0x000000001ad80000)]
  0x0000000018633000 JavaThread "Service Thread" daemon [_thread_blocked, id=32428, stack(0x00000000192b0000,0x00000000193b0000)]
  0x00000000185f0000 JavaThread "C1 CompilerThread3" daemon [_thread_blocked, id=31864, stack(0x00000000191b0000,0x00000000192b0000)]
  0x00000000185de000 JavaThread "C2 CompilerThread2" daemon [_thread_in_native, id=31912, stack(0x00000000190b0000,0x00000000191b0000)]
  0x00000000185db800 JavaThread "C2 CompilerThread1" daemon [_thread_in_native, id=24268, stack(0x0000000018fb0000,0x00000000190b0000)]
=>0x00000000185d9000 JavaThread "C2 CompilerThread0" daemon [_thread_in_native, id=30184, stack(0x0000000018eb0000,0x0000000018fb0000)]
  0x00000000185d7000 JavaThread "Attach Listener" daemon [_thread_blocked, id=31740, stack(0x0000000018db0000,0x0000000018eb0000)]
  0x00000000185d4000 JavaThread "Signal Dispatcher" daemon [_thread_blocked, id=28936, stack(0x0000000018cb0000,0x0000000018db0000)]
  0x0000000002a2e000 JavaThread "Finalizer" daemon [_thread_blocked, id=32532, stack(0x0000000018ab0000,0x0000000018bb0000)]
  0x00000000167ec800 JavaThread "Reference Handler" daemon [_thread_blocked, id=17256, stack(0x00000000189b0000,0x0000000018ab0000)]
  0x00000000007ed800 JavaThread "main" [_thread_blocked, id=29992, stack(0x0000000002830000,0x0000000002930000)]

Other Threads:
  0x00000000167e8800 VMThread [stack: 0x00000000184b0000,0x00000000185b0000] [id=15296]
  0x0000000018634800 WatcherThread [stack: 0x00000000193b0000,0x00000000194b0000] [id=30960]

VM state:not at safepoint (normal execution)

VM Mutex/Monitor currently owned by a thread: None

heap address: 0x00000000a0000000, size: 1536 MB, Compressed Oops mode: 32-bit
Narrow klass base: 0x0000000000000000, Narrow klass shift: 3
Compressed class space size: 1073741824 Address: 0x0000000100000000

Heap:
 PSYoungGen      total 37888K, used 30129K [0x00000000e0000000, 0x00000000e2a00000, 0x0000000100000000)
  eden space 32768K, 76% used [0x00000000e0000000,0x00000000e18729f8,0x00000000e2000000)
  from space 5120K, 99% used [0x00000000e2000000,0x00000000e24f9bd0,0x00000000e2500000)
  to   space 5120K, 0% used [0x00000000e2500000,0x00000000e2500000,0x00000000e2a00000)
 ParOldGen       total 86016K, used 1889K [0x00000000a0000000, 0x00000000a5400000, 0x00000000e0000000)
  object space 86016K, 2% used [0x00000000a0000000,0x00000000a01d85c8,0x00000000a5400000)
 Metaspace       used 15227K, capacity 15628K, committed 15872K, reserved 1062912K
  class space    used 2162K, capacity 2296K, committed 2304K, reserved 1048576K

Card table byte_map: [0x0000000011df0000,0x0000000012100000] byte_map_base: 0x00000000118f0000

Marking Bits: (ParMarkBitMap*) 0x000000005cb39f30
 Begin Bits: [0x0000000012b00000, 0x0000000014300000)
 End Bits:   [0x0000000014300000, 0x0000000015b00000)

Polling page: 0x0000000000a10000

CodeCache: size=245760Kb used=4950Kb max_used=4952Kb free=240809Kb
 bounds [0x0000000002a30000, 0x0000000002f10000, 0x0000000011a30000]
 total_blobs=1815 nmethods=1427 adapters=301
 compilation: enabled

Compilation events (10 events):
Event: 4.823 Thread 0x00000000185de000 nmethod 1424 0x0000000002f07c10 code [0x0000000002f07d60, 0x0000000002f081f8]
Event: 4.837 Thread 0x00000000185f0000 1426       1       java.util.concurrent.atomic.AtomicInteger::get (5 bytes)
Event: 4.837 Thread 0x00000000185f0000 nmethod 1426 0x0000000002f07950 code [0x0000000002f07aa0, 0x0000000002f07bb0]
Event: 4.841 Thread 0x00000000185f0000 1429       3       sun.security.provider.DigestBase::engineUpdate (189 bytes)
Event: 4.844 Thread 0x00000000185f0000 nmethod 1429 0x0000000002f06250 code [0x0000000002f06460, 0x0000000002f071b8]
Event: 4.844 Thread 0x00000000185f0000 1428       3       java.nio.HeapByteBuffer::ix (7 bytes)
Event: 4.844 Thread 0x00000000185f0000 nmethod 1428 0x0000000002f05f50 code [0x0000000002f060a0, 0x0000000002f061f0]
Event: 4.859 Thread 0x00000000185f0000 1430       3       java.lang.ClassLoader::addClass (9 bytes)
Event: 4.860 Thread 0x00000000185f0000 nmethod 1430 0x0000000002f05b10 code [0x0000000002f05c80, 0x0000000002f05ea8]
Event: 4.862 Thread 0x00000000185de000 1431   !   4       java.util.concurrent.ConcurrentHashMap::putVal (362 bytes)

GC Heap History (6 events):
Event: 1.677 GC heap before
{Heap before GC invocations=1 (full 0):
 PSYoungGen      total 37888K, used 32768K [0x00000000e0000000, 0x00000000e2a00000, 0x0000000100000000)
  eden space 32768K, 100% used [0x00000000e0000000,0x00000000e2000000,0x00000000e2000000)
  from space 5120K, 0% used [0x00000000e2500000,0x00000000e2500000,0x00000000e2a00000)
  to   space 5120K, 0% used [0x00000000e2000000,0x00000000e2000000,0x00000000e2500000)
 ParOldGen       total 86016K, used 0K [0x00000000a0000000, 0x00000000a5400000, 0x00000000e0000000)
  object space 86016K, 0% used [0x00000000a0000000,0x00000000a0000000,0x00000000a5400000)
 Metaspace       used 6952K, capacity 7180K, committed 7424K, reserved 1056768K
  class space    used 850K, capacity 908K, committed 1024K, reserved 1048576K
Event: 1.692 GC heap after
Heap after GC invocations=1 (full 0):
 PSYoungGen      total 37888K, used 4280K [0x00000000e0000000, 0x00000000e2a00000, 0x0000000100000000)
  eden space 32768K, 0% used [0x00000000e0000000,0x00000000e0000000,0x00000000e2000000)
  from space 5120K, 83% used [0x00000000e2000000,0x00000000e242e1a0,0x00000000e2500000)
  to   space 5120K, 0% used [0x00000000e2500000,0x00000000e2500000,0x00000000e2a00000)
 ParOldGen       total 86016K, used 8K [0x00000000a0000000, 0x00000000a5400000, 0x00000000e0000000)
  object space 86016K, 0% used [0x00000000a0000000,0x00000000a0002000,0x00000000a5400000)
 Metaspace       used 6952K, capacity 7180K, committed 7424K, reserved 1056768K
  class space    used 850K, capacity 908K, committed 1024K, reserved 1048576K
}
Event: 2.519 GC heap before
{Heap before GC invocations=2 (full 0):
 PSYoungGen      total 37888K, used 37048K [0x00000000e0000000, 0x00000000e2a00000, 0x0000000100000000)
  eden space 32768K, 100% used [0x00000000e0000000,0x00000000e2000000,0x00000000e2000000)
  from space 5120K, 83% used [0x00000000e2000000,0x00000000e242e1a0,0x00000000e2500000)
  to   space 5120K, 0% used [0x00000000e2500000,0x00000000e2500000,0x00000000e2a00000)
 ParOldGen       total 86016K, used 8K [0x00000000a0000000, 0x00000000a5400000, 0x00000000e0000000)
  object space 86016K, 0% used [0x00000000a0000000,0x00000000a0002000,0x00000000a5400000)
 Metaspace       used 8699K, capacity 8872K, committed 9216K, reserved 1056768K
  class space    used 1130K, capacity 1174K, committed 1280K, reserved 1048576K
Event: 2.529 GC heap after
Heap after GC invocations=2 (full 0):
 PSYoungGen      total 37888K, used 4436K [0x00000000e0000000, 0x00000000e2a00000, 0x0000000100000000)
  eden space 32768K, 0% used [0x00000000e0000000,0x00000000e0000000,0x00000000e2000000)
  from space 5120K, 86% used [0x00000000e2500000,0x00000000e29553c8,0x00000000e2a00000)
  to   space 5120K, 0% used [0x00000000e2000000,0x00000000e2000000,0x00000000e2500000)
 ParOldGen       total 86016K, used 16K [0x00000000a0000000, 0x00000000a5400000, 0x00000000e0000000)
  object space 86016K, 0% used [0x00000000a0000000,0x00000000a0004000,0x00000000a5400000)
 Metaspace       used 8699K, capacity 8872K, committed 9216K, reserved 1056768K
  class space    used 1130K, capacity 1174K, committed 1280K, reserved 1048576K
}
Event: 4.463 GC heap before
{Heap before GC invocations=3 (full 0):
 PSYoungGen      total 37888K, used 37204K [0x00000000e0000000, 0x00000000e2a00000, 0x0000000100000000)
  eden space 32768K, 100% used [0x00000000e0000000,0x00000000e2000000,0x00000000e2000000)
  from space 5120K, 86% used [0x00000000e2500000,0x00000000e29553c8,0x00000000e2a00000)
  to   space 5120K, 0% used [0x00000000e2000000,0x00000000e2000000,0x00000000e2500000)
 ParOldGen       total 86016K, used 16K [0x00000000a0000000, 0x00000000a5400000, 0x00000000e0000000)
  object space 86016K, 0% used [0x00000000a0000000,0x00000000a0004000,0x00000000a5400000)
 Metaspace       used 13260K, capacity 13628K, committed 13824K, reserved 1060864K
  class space    used 1833K, capacity 1966K, committed 2048K, reserved 1048576K
Event: 4.469 GC heap after
Heap after GC invocations=3 (full 0):
 PSYoungGen      total 37888K, used 5094K [0x00000000e0000000, 0x00000000e2a00000, 0x0000000100000000)
  eden space 32768K, 0% used [0x00000000e0000000,0x00000000e0000000,0x00000000e2000000)
  from space 5120K, 99% used [0x00000000e2000000,0x00000000e24f9bd0,0x00000000e2500000)
  to   space 5120K, 0% used [0x00000000e2500000,0x00000000e2500000,0x00000000e2a00000)
 ParOldGen       total 86016K, used 1889K [0x00000000a0000000, 0x00000000a5400000, 0x00000000e0000000)
  object space 86016K, 2% used [0x00000000a0000000,0x00000000a01d85c8,0x00000000a5400000)
 Metaspace       used 13260K, capacity 13628K, committed 13824K, reserved 1060864K
  class space    used 1833K, capacity 1966K, committed 2048K, reserved 1048576K
}

Deoptimization events (10 events):
Event: 3.266 Thread 0x00000000007ed800 Uncommon trap: reason=unstable_if action=reinterpret pc=0x0000000002d4b564 method=java.io.WinNTFileSystem.normalize(Ljava/lang/String;II)Ljava/lang/String; @ 90
Event: 4.198 Thread 0x000000001a01b800 Uncommon trap: reason=unstable_if action=reinterpret pc=0x0000000002dda8c4 method=java.util.concurrent.ConcurrentHashMap.putVal(Ljava/lang/Object;Ljava/lang/Object;Z)Ljava/lang/Object; @ 206
Event: 4.292 Thread 0x000000001a91d800 Uncommon trap: reason=bimorphic action=maybe_recompile pc=0x0000000002cb7aac method=java.util.HashMap.putVal(ILjava/lang/Object;Ljava/lang/Object;ZZ)Ljava/lang/Object; @ 253
Event: 4.292 Thread 0x000000001a91d800 Uncommon trap: reason=bimorphic action=maybe_recompile pc=0x0000000002cb7aac method=java.util.HashMap.putVal(ILjava/lang/Object;Ljava/lang/Object;ZZ)Ljava/lang/Object; @ 253
Event: 4.292 Thread 0x000000001a91d800 Uncommon trap: reason=bimorphic action=maybe_recompile pc=0x0000000002cb7aac method=java.util.HashMap.putVal(ILjava/lang/Object;Ljava/lang/Object;ZZ)Ljava/lang/Object; @ 253
Event: 4.474 Thread 0x000000001a91d800 Uncommon trap: reason=class_check action=maybe_recompile pc=0x0000000002d0f4d8 method=java.util.regex.Matcher.match(II)Z @ 86
Event: 4.488 Thread 0x000000001a91d800 Uncommon trap: reason=class_check action=maybe_recompile pc=0x0000000002d0f4d8 method=java.util.regex.Matcher.match(II)Z @ 86
Event: 4.489 Thread 0x000000001a91d800 Uncommon trap: reason=class_check action=maybe_recompile pc=0x0000000002d0f4d8 method=java.util.regex.Matcher.match(II)Z @ 86
Event: 4.489 Thread 0x000000001a91d800 Uncommon trap: reason=class_check action=maybe_recompile pc=0x0000000002cc361c method=java.util.regex.Matcher.match(II)Z @ 86
Event: 4.857 Thread 0x000000001a91d800 Uncommon trap: reason=unstable_if action=reinterpret pc=0x0000000002dd0934 method=java.lang.String.lastIndexOf([CII[CIII)I @ 66

Classes redefined (0 events):
No events

Internal exceptions (10 events):
Event: 4.207 Thread 0x000000001a01b800 Exception <a 'java/lang/NoSuchMethodError': <clinit>> (0x00000000e0a652e8) thrown at [D:\src\AOSP-openjdk-cygwin\jdk8u\hotspot\src\share\vm\prims\jni.cpp, line 1614]
Event: 4.213 Thread 0x000000001a01b800 Exception <a 'java/lang/NoSuchMethodError': <clinit>> (0x00000000e0a78638) thrown at [D:\src\AOSP-openjdk-cygwin\jdk8u\hotspot\src\share\vm\prims\jni.cpp, line 1614]
Event: 4.220 Thread 0x000000001a01b800 Exception <a 'java/lang/NoSuchMethodError': <clinit>> (0x00000000e0a9fa88) thrown at [D:\src\AOSP-openjdk-cygwin\jdk8u\hotspot\src\share\vm\prims\jni.cpp, line 1614]
Event: 4.225 Thread 0x000000001a01b800 Exception <a 'java/lang/NoSuchMethodError': <clinit>> (0x00000000e0ab7ad0) thrown at [D:\src\AOSP-openjdk-cygwin\jdk8u\hotspot\src\share\vm\prims\jni.cpp, line 1614]
Event: 4.227 Thread 0x000000001a01b800 Exception <a 'java/lang/NoSuchMethodError': <clinit>> (0x00000000e0ac0760) thrown at [D:\src\AOSP-openjdk-cygwin\jdk8u\hotspot\src\share\vm\prims\jni.cpp, line 1614]
Event: 4.233 Thread 0x000000001a01b800 Exception <a 'java/lang/NoSuchMethodError': <clinit>> (0x00000000e0ad6fe0) thrown at [D:\src\AOSP-openjdk-cygwin\jdk8u\hotspot\src\share\vm\prims\jni.cpp, line 1614]
Event: 4.253 Thread 0x000000001a01b800 Exception <a 'java/lang/NoSuchMethodError': <clinit>> (0x00000000e0b36700) thrown at [D:\src\AOSP-openjdk-cygwin\jdk8u\hotspot\src\share\vm\prims\jni.cpp, line 1614]
Event: 4.257 Thread 0x000000001a01b800 Exception <a 'java/lang/NoSuchMethodError': <clinit>> (0x00000000e0b633d0) thrown at [D:\src\AOSP-openjdk-cygwin\jdk8u\hotspot\src\share\vm\prims\jni.cpp, line 1614]
Event: 4.262 Thread 0x000000001a01b800 Exception <a 'java/lang/NoSuchMethodError': <clinit>> (0x00000000e0b91888) thrown at [D:\src\AOSP-openjdk-cygwin\jdk8u\hotspot\src\share\vm\prims\jni.cpp, line 1614]
Event: 4.263 Thread 0x000000001a01b800 Exception <a 'java/lang/NoSuchMethodError': <clinit>> (0x00000000e0b9cb88) thrown at [D:\src\AOSP-openjdk-cygwin\jdk8u\hotspot\src\share\vm\prims\jni.cpp, line 1614]

Events (10 events):
Event: 4.871 loading class com/google/common/io/AppendableWriter
Event: 4.871 loading class com/google/common/io/AppendableWriter done
Event: 4.873 loading class com/google/common/io/CharStreams$NullWriter
Event: 4.873 loading class com/google/common/io/CharStreams$NullWriter done
Event: 4.873 loading class com/google/common/io/LineReader
Event: 4.873 loading class com/google/common/io/LineReader done
Event: 4.874 loading class com/google/common/io/LineBuffer
Event: 4.874 loading class com/google/common/io/LineBuffer done
Event: 4.874 loading class com/google/common/io/LineReader$1
Event: 4.874 loading class com/google/common/io/LineReader$1 done


Dynamic libraries:
0x00007ff7ed040000 - 0x00007ff7ed071000 	D:\New folder\jre\bin\java.exe
0x00007ffff3820000 - 0x00007ffff3a10000 	C:\WINDOWS\SYSTEM32\ntdll.dll
0x00007ffff3380000 - 0x00007ffff3432000 	C:\WINDOWS\System32\KERNEL32.DLL
0x00007ffff1570000 - 0x00007ffff1815000 	C:\WINDOWS\System32\KERNELBASE.dll
0x00007ffff2d00000 - 0x00007ffff2da3000 	C:\WINDOWS\System32\ADVAPI32.dll
0x00007ffff2820000 - 0x00007ffff28be000 	C:\WINDOWS\System32\msvcrt.dll
0x00007ffff2090000 - 0x00007ffff2127000 	C:\WINDOWS\System32\sechost.dll
0x00007ffff3260000 - 0x00007ffff3380000 	C:\WINDOWS\System32\RPCRT4.dll
0x00007ffff2b60000 - 0x00007ffff2cf4000 	C:\WINDOWS\System32\USER32.dll
0x00007ffff0b40000 - 0x00007ffff0b61000 	C:\WINDOWS\System32\win32u.dll
0x00007ffff2e10000 - 0x00007ffff2e36000 	C:\WINDOWS\System32\GDI32.dll
0x00007ffff13d0000 - 0x00007ffff1566000 	C:\WINDOWS\System32\gdi32full.dll
0x00007ffff08c0000 - 0x00007ffff095e000 	C:\WINDOWS\System32\msvcp_win.dll
0x00007ffff0790000 - 0x00007ffff088a000 	C:\WINDOWS\System32\ucrtbase.dll
0x00007fffdfcf0000 - 0x00007fffdff74000 	C:\WINDOWS\WinSxS\amd64_microsoft.windows.common-controls_6595b64144ccf1df_6.0.18362.1256_none_9e7e379be45e40e2\COMCTL32.dll
0x00007ffff2e50000 - 0x00007ffff3186000 	C:\WINDOWS\System32\combase.dll
0x00007ffff0960000 - 0x00007ffff09e1000 	C:\WINDOWS\System32\bcryptPrimitives.dll
0x00007ffff2b30000 - 0x00007ffff2b5e000 	C:\WINDOWS\System32\IMM32.DLL
0x000000005db10000 - 0x000000005dbe2000 	D:\New folder\jre\jre\bin\msvcr100.dll
0x000000005c370000 - 0x000000005cbb6000 	D:\New folder\jre\jre\bin\server\jvm.dll
0x00007ffff2a70000 - 0x00007ffff2a78000 	C:\WINDOWS\System32\PSAPI.DLL
0x00007fffe7ac0000 - 0x00007fffe7aca000 	C:\WINDOWS\SYSTEM32\VERSION.dll
0x00007fffee2b0000 - 0x00007fffee2d4000 	C:\WINDOWS\SYSTEM32\WINMM.dll
0x00007fffead80000 - 0x00007fffead89000 	C:\WINDOWS\SYSTEM32\WSOCK32.dll
0x00007fffede30000 - 0x00007fffede5d000 	C:\WINDOWS\SYSTEM32\WINMMBASE.dll
0x00007ffff1380000 - 0x00007ffff13ca000 	C:\WINDOWS\System32\cfgmgr32.dll
0x00007ffff3770000 - 0x00007ffff37df000 	C:\WINDOWS\System32\WS2_32.dll
0x00007fffeac50000 - 0x00007fffeac5f000 	D:\New folder\jre\jre\bin\verify.dll
0x00007fffd8380000 - 0x00007fffd83a9000 	D:\New folder\jre\jre\bin\java.dll
0x00007fffe5e70000 - 0x00007fffe5e86000 	D:\New folder\jre\jre\bin\zip.dll
0x00007ffff2130000 - 0x00007ffff2817000 	C:\WINDOWS\System32\SHELL32.dll
0x00007ffff2a80000 - 0x00007ffff2b29000 	C:\WINDOWS\System32\shcore.dll
0x00007ffff0b90000 - 0x00007ffff1311000 	C:\WINDOWS\System32\windows.storage.dll
0x00007ffff0740000 - 0x00007ffff0763000 	C:\WINDOWS\System32\profapi.dll
0x00007ffff06f0000 - 0x00007ffff073a000 	C:\WINDOWS\System32\powrprof.dll
0x00007ffff06c0000 - 0x00007ffff06d0000 	C:\WINDOWS\System32\UMPDC.dll
0x00007ffff1e90000 - 0x00007ffff1ee2000 	C:\WINDOWS\System32\shlwapi.dll
0x00007ffff06d0000 - 0x00007ffff06e1000 	C:\WINDOWS\System32\kernel.appcore.dll
0x00007ffff0b70000 - 0x00007ffff0b87000 	C:\WINDOWS\System32\cryptsp.dll
0x00007fffe19d0000 - 0x00007fffe19ea000 	D:\New folder\jre\jre\bin\net.dll
0x00007fffeff10000 - 0x00007fffeff77000 	C:\WINDOWS\system32\mswsock.dll
0x00007fffe0db0000 - 0x00007fffe0dc1000 	D:\New folder\jre\jre\bin\nio.dll
0x00007fffd5350000 - 0x00007fffd5376000 	C:\Users\rames\.gradle\native\29\windows-amd64\native-platform.dll
0x00007fffe62d0000 - 0x00007fffe62dd000 	D:\New folder\jre\jre\bin\management.dll
0x00007fffefa80000 - 0x00007fffefab3000 	C:\WINDOWS\system32\rsaenh.dll
0x00007ffff0890000 - 0x00007ffff08b6000 	C:\WINDOWS\System32\bcrypt.dll
0x00007ffff05e0000 - 0x00007ffff0605000 	C:\WINDOWS\SYSTEM32\USERENV.dll
0x00007ffff00e0000 - 0x00007ffff00ec000 	C:\WINDOWS\SYSTEM32\CRYPTBASE.dll
0x00007fffefc20000 - 0x00007fffefc5a000 	C:\WINDOWS\SYSTEM32\IPHLPAPI.DLL
0x00007ffff34c0000 - 0x00007ffff34c8000 	C:\WINDOWS\System32\NSI.dll
0x00007fffeee70000 - 0x00007fffeee86000 	C:\WINDOWS\SYSTEM32\dhcpcsvc6.DLL
0x00007fffeee50000 - 0x00007fffeee6c000 	C:\WINDOWS\SYSTEM32\dhcpcsvc.DLL
0x00007fffefc60000 - 0x00007fffefd2b000 	C:\WINDOWS\SYSTEM32\DNSAPI.dll

VM Arguments:
jvm_args: -Xmx1536m -Dfile.encoding=windows-1252 -Duser.country=IN -Duser.language=en -Duser.variant 
java_command: org.gradle.launcher.daemon.bootstrap.GradleDaemon 5.4.1
java_class_path (initial): C:\Users\rames\.gradle\wrapper\dists\gradle-5.4.1-all\3221gyojl5jsh0helicew7rwx\gradle-5.4.1\lib\gradle-launcher-5.4.1.jar
Launcher Type: SUN_STANDARD

Environment Variables:
JAVA_HOME=D:\java
PATH=C:\Program Files\Common Files\Oracle\Java\javapath;C:\Program Files (x86)\NVIDIA Corporation\PhysX\Common;C:\Program Files (x86)\Intel\Intel(R) Management Engine Components\iCLS\;C:\Program Files\Intel\Intel(R) Management Engine Components\iCLS\;C:\windows\system32;C:\windows;C:\windows\System32\Wbem;C:\windows\System32\WindowsPowerShell\v1.0\;C:\windows\System32\OpenSSH\;C:\Program Files (x86)\Intel\Intel(R) Management Engine Components\DAL;C:\Program Files\Intel\Intel(R) Management Engine Components\DAL;C:\Program Files (x86)\Intel\Intel(R) Management Engine Components\IPT;C:\Program Files\Intel\Intel(R) Management Engine Components\IPT;C:\WINDOWS\system32;C:\WINDOWS;C:\WINDOWS\System32\Wbem;C:\WINDOWS\System32\WindowsPowerShell\v1.0\;C:\WINDOWS\System32\OpenSSH\;C:\Program Files (x86)\Windows Kits\8.1\Windows Performance Toolkit\;D:\m\bin;C:\Program Files\dotnet\;C:\Program Files\Microsoft SQL Server\130\Tools\Binn\;C:\Program Files\Microsoft SQL Server\Client SDK\ODBC\170\Tools\Binn\;D:\M3\bin;D:\java\bin;C:\Program Files\MySQL\MySQL Shell 8.0\bin\;C:\Users\rames\AppData\Local\Microsoft\WindowsApps;;C:\Program Files\JetBrains\PyCharm Community Edition 2020.1.2\bin;;C:\Users\rames\.dotnet\tools
USERNAME=rames
OS=Windows_NT
PROCESSOR_IDENTIFIER=Intel64 Family 6 Model 158 Stepping 10, GenuineIntel



---------------  S Y S T E M  ---------------

OS: Windows 10.0 , 64 bit Build 18362 (10.0.18362.1110)

CPU:total 8 (initial active 8) (4 cores per cpu, 2 threads per core) family 6 model 158 stepping 10, cmov, cx8, fxsr, mmx, sse, sse2, sse3, ssse3, sse4.1, sse4.2, popcnt, avx, avx2, aes, clmul, erms, 3dnowpref, lzcnt, ht, tsc, tscinvbit, bmi1, bmi2, adx

Memory: 4k page, physical 8192524k(818420k free), swap 23660168k(5124k free)

vm_info: OpenJDK 64-Bit Server VM (25.202-b03) for windows-amd64 JRE (1.8.0_202-release-1483-b03), built by "builder" with MS VC++ 10.0 (VS2010)

time: Thu Jan 07 11:06:18 2021
timezone: FLE Standard Time
elapsed time: 4 seconds (0d 0h 0m 4s)

